<?xml version="1.0" encoding="UTF-8"?>
<!-- Generated by org.testng.reporters.JUnitReportReporter -->
<testsuite skipped="0" hostname="minds" name="com.PHP.testcases.LoginPageTest" tests="1" failures="0" timestamp="17 Jan 2019 09:39:25 GMT" time="16.218" errors="0">
  <testcase name="loginTest" time="16.218" classname="com.PHP.testcases.LoginPageTest"/>
</testsuite> <!-- com.PHP.testcases.LoginPageTest -->
