<?xml version="1.0" encoding="UTF-8"?>
<!-- Generated by org.testng.reporters.JUnitReportReporter -->
<testsuite skipped="0" hostname="minds" name="com.PHP.testcases.HomepageTest" tests="3" failures="0" timestamp="25 Jan 2019 11:22:03 GMT" time="102.273" errors="0">
  <testcase name="verifyHomepageTitleTest" time="30.975" classname="com.PHP.testcases.HomepageTest"/>
  <testcase name="verifyhotelstest" time="29.937" classname="com.PHP.testcases.HomepageTest"/>
  <testcase name="verifyflightstest" time="41.361" classname="com.PHP.testcases.HomepageTest"/>
</testsuite> <!-- com.PHP.testcases.HomepageTest -->
