<?xml version="1.0" encoding="UTF-8"?>
<!-- Generated by org.testng.reporters.JUnitReportReporter -->
<testsuite skipped="0" hostname="minds" name="com.PHP.testcases.LoginPageTest" tests="1" failures="0" timestamp="23 Jan 2019 10:00:26 GMT" time="20.437" errors="0">
  <testcase name="loginTest" time="20.437" classname="com.PHP.testcases.LoginPageTest"/>
</testsuite> <!-- com.PHP.testcases.LoginPageTest -->
