<?xml version="1.0" encoding="UTF-8"?>
<!-- Generated by org.testng.reporters.JUnitReportReporter -->
<testsuite skipped="0" hostname="minds" name="com.PHP.testcases.HomepageTest" tests="3" failures="0" timestamp="30 Jan 2019 05:58:05 GMT" time="58.648" errors="0">
  <testcase name="verifyHomepageTitleTest" time="15.361" classname="com.PHP.testcases.HomepageTest"/>
  <testcase name="verifyhotelstest" time="21.136" classname="com.PHP.testcases.HomepageTest"/>
  <testcase name="verifyflightstest" time="22.151" classname="com.PHP.testcases.HomepageTest"/>
</testsuite> <!-- com.PHP.testcases.HomepageTest -->
