<?xml version="1.0" encoding="UTF-8"?>
<!-- Generated by org.testng.reporters.JUnitReportReporter -->
<testsuite skipped="0" hostname="minds" name="com.PHP.testcases.HotelspageTest" tests="1" failures="0" timestamp="01 Feb 2019 10:15:27 GMT" time="77.708" errors="0">
  <testcase name="validatecreateAddHotel" time="77.708" classname="com.PHP.testcases.HotelspageTest"/>
</testsuite> <!-- com.PHP.testcases.HotelspageTest -->
