<?xml version="1.0" encoding="UTF-8"?>
<!-- Generated by org.testng.reporters.JUnitReportReporter -->
<testsuite skipped="0" hostname="minds" name="com.crm.qa.testcases.LoginPageTest" tests="3" failures="0" timestamp="03 Jan 2019 09:48:47 GMT" time="47.854" errors="0">
  <testcase name="loginPageTitleTest" time="11.550" classname="com.crm.qa.testcases.LoginPageTest"/>
  <testcase name="crmlogoImageTest" time="12.235" classname="com.crm.qa.testcases.LoginPageTest"/>
  <testcase name="loginTest" time="24.069" classname="com.crm.qa.testcases.LoginPageTest"/>
</testsuite> <!-- com.crm.qa.testcases.LoginPageTest -->
