<?xml version="1.0" encoding="UTF-8"?>
<!-- Generated by org.testng.reporters.JUnitReportReporter -->
<testsuite skipped="0" hostname="minds" name="com.crm.qa.testcases.LoginPageTest" tests="3" failures="0" timestamp="07 Jan 2019 07:14:01 GMT" time="132.262" errors="0">
  <testcase name="loginPageTitleTest" time="40.335" classname="com.crm.qa.testcases.LoginPageTest"/>
  <testcase name="crmlogoImageTest" time="38.342" classname="com.crm.qa.testcases.LoginPageTest"/>
  <testcase name="loginTest" time="53.585" classname="com.crm.qa.testcases.LoginPageTest"/>
</testsuite> <!-- com.crm.qa.testcases.LoginPageTest -->
