<?xml version="1.0" encoding="UTF-8"?>
<!-- Generated by org.testng.reporters.JUnitReportReporter -->
<testsuite skipped="0" hostname="minds" name="com.crm.qa.testcases.HomePageTest" tests="3" failures="0" timestamp="07 Jan 2019 07:14:02 GMT" time="162.224" errors="0">
  <testcase name="verifyHomepageTitleTest" time="48.078" classname="com.crm.qa.testcases.HomePageTest"/>
  <testcase name="verifyUserNameTest" time="43.015" classname="com.crm.qa.testcases.HomePageTest"/>
  <testcase name="verifyContactsLinktest" time="71.131" classname="com.crm.qa.testcases.HomePageTest"/>
</testsuite> <!-- com.crm.qa.testcases.HomePageTest -->
