<?xml version="1.0" encoding="UTF-8"?>
<!-- Generated by org.testng.reporters.JUnitReportReporter -->
<testsuite skipped="0" hostname="minds" name="com.crm.qa.testcases.HomePageTest" tests="3" failures="0" timestamp="04 Jan 2019 05:51:47 GMT" time="75.064" errors="0">
  <testcase name="verifyHomepageTitleTest" time="25.914" classname="com.crm.qa.testcases.HomePageTest"/>
  <testcase name="verifyUserNameTest" time="22.827" classname="com.crm.qa.testcases.HomePageTest"/>
  <testcase name="verifyContactsLinktest" time="26.323" classname="com.crm.qa.testcases.HomePageTest"/>
</testsuite> <!-- com.crm.qa.testcases.HomePageTest -->
